<?xml version="1.0" encoding="UTF-8"?><testsuite errors="0" failures="0" name="com.gorest.userinfo.UserCRUDTest" skipped="0" tests="4" time="5.13" timestamp="2023-06-06T21:20:45.170+01:00[Europe/London]"><testcase classname="com.gorest.userinfo.UserCRUDTest" name="This will create a new User"/><testcase classname="com.gorest.userinfo.UserCRUDTest" name="Verify if the User is added to application"/><testcase classname="com.gorest.userinfo.UserCRUDTest" name="Update the student information and verify the updated information"/><testcase classname="com.gorest.userinfo.UserCRUDTest" name="This will delete student and verify that student is deleted"/></testsuite>