<?xml version="1.0" encoding="UTF-8"?><testsuite errors="0" failures="13" name="com.gorest.userinfo.CreateUserDataDrivenTest" skipped="0" tests="100" time="282.37" timestamp="2023-06-06T21:38:47.622+01:00[Europe/London]"><testcase classname="com.gorest.userinfo.CreateUserDataDrivenTest" name="Data Driven Test for adding multiple users to the application"><failure message="1 expectation failed.&#10;Expected status code &lt;201&gt; but was &lt;422&gt;.&#10;" type="java.lang.AssertionError">1 expectation failed.
Expected status code &lt;201&gt; but was &lt;422&gt;.
</failure><system-err>1 expectation failed.
Expected status code &lt;201&gt; but was &lt;422&gt;.
&#13;
io.restassured.internal.ResponseSpecificationImpl.validateResponseIfRequired(ResponseSpecificationImpl.groovy:636)&#13;
io.restassured.internal.ResponseSpecificationImpl.statusCode(ResponseSpecificationImpl.groovy:122)&#13;
io.restassured.internal.ResponseSpecificationImpl.statusCode(ResponseSpecificationImpl.groovy:130)&#13;
io.restassured.internal.ValidatableResponseOptionsImpl.statusCode(ValidatableResponseOptionsImpl.java:117)&#13;
com.gorest.userinfo.CreateUserDataDrivenTest.createMultipleUsers(CreateUserDataDrivenTest.java:26)&#13;
</system-err></testcase></testsuite>